2025-11-09 17:53:17 - c.m.a.MkuAttendanceApplication - Starting MkuAttendanceApplication using Java 24.0.1 with PID 24776 (C:\Users\EMMANUEL ALEX\IdeaProjects\mku-attendance-web\target\classes started by EMMANUEL ALEX in C:\Users\EMMANUEL ALEX\IdeaProjects\mku-attendance-web)
2025-11-09 17:53:17 - c.m.a.MkuAttendanceApplication - The following 1 profile is active: "default"
2025-11-09 17:53:21 - o.s.b.w.e.tomcat.TomcatWebServer - Tomcat initialized with port(s): 8080 (http)
2025-11-09 17:53:21 - o.s.b.w.s.c.ServletWebServerApplicationContext - Root WebApplicationContext: initialization completed in 4646 ms
2025-11-09 17:53:24 - jakarta.mail - Jakarta Mail version 2.1.1
2025-11-09 17:53:24 - jakarta.mail - URL jar:file:/C:/Users/EMMANUEL%20ALEX/.m2/repository/org/eclipse/angus/jakarta.mail/1.1.0/jakarta.mail-1.1.0.jar!/META-INF/javamail.providers
2025-11-09 17:53:24 - jakarta.mail - successfully loaded resource: jar:file:/C:/Users/EMMANUEL%20ALEX/.m2/repository/org/eclipse/angus/jakarta.mail/1.1.0/jakarta.mail-1.1.0.jar!/META-INF/javamail.providers
2025-11-09 17:53:24 - jakarta.mail - successfully loaded resource: /META-INF/javamail.default.providers
2025-11-09 17:53:24 - jakarta.mail - Tables of loaded providers
2025-11-09 17:53:24 - jakarta.mail - Providers Listed By Class Name: {com.sun.mail.smtp.SMTPTransport=jakarta.mail.Provider[TRANSPORT,smtp,com.sun.mail.smtp.SMTPTransport,Oracle], com.sun.mail.pop3.POP3Store=jakarta.mail.Provider[STORE,pop3,com.sun.mail.pop3.POP3Store,Oracle], com.sun.mail.imap.IMAPSSLStore=jakarta.mail.Provider[STORE,imaps,com.sun.mail.imap.IMAPSSLStore,Oracle], com.sun.mail.smtp.SMTPSSLTransport=jakarta.mail.Provider[TRANSPORT,smtps,com.sun.mail.smtp.SMTPSSLTransport,Oracle], com.sun.mail.pop3.POP3SSLStore=jakarta.mail.Provider[STORE,pop3s,com.sun.mail.pop3.POP3SSLStore,Oracle], com.sun.mail.imap.IMAPStore=jakarta.mail.Provider[STORE,imap,com.sun.mail.imap.IMAPStore,Oracle]}
2025-11-09 17:53:24 - jakarta.mail - Providers Listed By Protocol: {imap=jakarta.mail.Provider[STORE,imap,com.sun.mail.imap.IMAPStore,Oracle], smtp=jakarta.mail.Provider[TRANSPORT,smtp,com.sun.mail.smtp.SMTPTransport,Oracle], pop3=jakarta.mail.Provider[STORE,pop3,com.sun.mail.pop3.POP3Store,Oracle], imaps=jakarta.mail.Provider[STORE,imaps,com.sun.mail.imap.IMAPSSLStore,Oracle], smtps=jakarta.mail.Provider[TRANSPORT,smtps,com.sun.mail.smtp.SMTPSSLTransport,Oracle], pop3s=jakarta.mail.Provider[STORE,pop3s,com.sun.mail.pop3.POP3SSLStore,Oracle]}
2025-11-09 17:53:24 - jakarta.mail - successfully loaded resource: /META-INF/javamail.default.address.map
2025-11-09 17:53:24 - jakarta.mail - URL jar:file:/C:/Users/EMMANUEL%20ALEX/.m2/repository/org/eclipse/angus/jakarta.mail/1.1.0/jakarta.mail-1.1.0.jar!/META-INF/javamail.address.map
2025-11-09 17:53:24 - jakarta.mail - successfully loaded resource: jar:file:/C:/Users/EMMANUEL%20ALEX/.m2/repository/org/eclipse/angus/jakarta.mail/1.1.0/jakarta.mail-1.1.0.jar!/META-INF/javamail.address.map
2025-11-09 17:53:24 - jakarta.mail - getProvider() returning jakarta.mail.Provider[TRANSPORT,smtp,com.sun.mail.smtp.SMTPTransport,Oracle]
2025-11-09 17:53:24 - com.sun.mail.smtp - useEhlo true, useAuth true
2025-11-09 17:53:24 - com.sun.mail.smtp - trying to connect to host "smtp.gmail.com", port 587, isSSL false
2025-11-09 17:53:25 - com.sun.mail.smtp - connected to host "smtp.gmail.com", port: 587
2025-11-09 17:53:25 - com.sun.mail.smtp - Found extension "SIZE", arg "35882577"
2025-11-09 17:53:25 - com.sun.mail.smtp - Found extension "8BITMIME", arg ""
2025-11-09 17:53:25 - com.sun.mail.smtp - Found extension "STARTTLS", arg ""
2025-11-09 17:53:25 - com.sun.mail.smtp - Found extension "ENHANCEDSTATUSCODES", arg ""
2025-11-09 17:53:25 - com.sun.mail.smtp - Found extension "PIPELINING", arg ""
2025-11-09 17:53:25 - com.sun.mail.smtp - Found extension "SMTPUTF8", arg ""
2025-11-09 17:53:27 - com.sun.mail.smtp - Found extension "SIZE", arg "35882577"
2025-11-09 17:53:27 - com.sun.mail.smtp - Found extension "8BITMIME", arg ""
2025-11-09 17:53:27 - com.sun.mail.smtp - Found extension "AUTH", arg "LOGIN PLAIN XOAUTH2 PLAIN-CLIENTTOKEN OAUTHBEARER XOAUTH"
2025-11-09 17:53:27 - com.sun.mail.smtp - Found extension "ENHANCEDSTATUSCODES", arg ""
2025-11-09 17:53:27 - com.sun.mail.smtp - Found extension "PIPELINING", arg ""
2025-11-09 17:53:27 - com.sun.mail.smtp - Found extension "SMTPUTF8", arg ""
2025-11-09 17:53:27 - com.sun.mail.smtp - protocolConnect login, host=smtp.gmail.com, user=sykesalex264@gmail.com, password=<non-null>
2025-11-09 17:53:27 - com.sun.mail.smtp - Attempt to authenticate using mechanisms: LOGIN PLAIN DIGEST-MD5 NTLM XOAUTH2 
2025-11-09 17:53:27 - com.sun.mail.smtp - Using mechanism LOGIN
2025-11-09 17:53:27 - com.sun.mail.smtp - AUTH LOGIN command trace suppressed
2025-11-09 17:53:28 - com.sun.mail.smtp - AUTH LOGIN failed
2025-11-09 17:53:28 - o.s.b.w.s.c.AnnotationConfigServletWebServerApplicationContext - Exception encountered during context initialization - cancelling refresh attempt: org.springframework.beans.factory.BeanCreationException: Error creating bean with name 'org.springframework.boot.autoconfigure.mail.MailSenderValidatorAutoConfiguration': Failed to instantiate [org.springframework.boot.autoconfigure.mail.MailSenderValidatorAutoConfiguration]: Constructor threw exception
2025-11-09 17:53:28 - o.s.b.a.l.ConditionEvaluationReportLogger - 

Error starting ApplicationContext. To display the condition evaluation report re-run your application with 'debug' enabled.
2025-11-09 17:53:28 - o.s.boot.SpringApplication - Application run failed
org.springframework.beans.factory.BeanCreationException: Error creating bean with name 'org.springframework.boot.autoconfigure.mail.MailSenderValidatorAutoConfiguration': Failed to instantiate [org.springframework.boot.autoconfigure.mail.MailSenderValidatorAutoConfiguration]: Constructor threw exception
	at org.springframework.beans.factory.support.ConstructorResolver.instantiate(ConstructorResolver.java:321)
	at org.springframework.beans.factory.support.ConstructorResolver.autowireConstructor(ConstructorResolver.java:309)
	at org.springframework.beans.factory.support.AbstractAutowireCapableBeanFactory.autowireConstructor(AbstractAutowireCapableBeanFactory.java:1352)
	at org.springframework.beans.factory.support.AbstractAutowireCapableBeanFactory.createBeanInstance(AbstractAutowireCapableBeanFactory.java:1189)
	at org.springframework.beans.factory.support.AbstractAutowireCapableBeanFactory.doCreateBean(AbstractAutowireCapableBeanFactory.java:560)
	at org.springframework.beans.factory.support.AbstractAutowireCapableBeanFactory.createBean(AbstractAutowireCapableBeanFactory.java:520)
	at org.springframework.beans.factory.support.AbstractBeanFactory.lambda$doGetBean$0(AbstractBeanFactory.java:325)
	at org.springframework.beans.factory.support.DefaultSingletonBeanRegistry.getSingleton(DefaultSingletonBeanRegistry.java:234)
	at org.springframework.beans.factory.support.AbstractBeanFactory.doGetBean(AbstractBeanFactory.java:323)
	at org.springframework.beans.factory.support.AbstractBeanFactory.getBean(AbstractBeanFactory.java:199)
	at org.springframework.beans.factory.support.DefaultListableBeanFactory.preInstantiateSingletons(DefaultListableBeanFactory.java:973)
	at org.springframework.context.support.AbstractApplicationContext.finishBeanFactoryInitialization(AbstractApplicationContext.java:950)
	at org.springframework.context.support.AbstractApplicationContext.refresh(AbstractApplicationContext.java:616)
	at org.springframework.boot.web.servlet.context.ServletWebServerApplicationContext.refresh(ServletWebServerApplicationContext.java:146)
	at org.springframework.boot.SpringApplication.refresh(SpringApplication.java:738)
	at org.springframework.boot.SpringApplication.refreshContext(SpringApplication.java:440)
	at org.springframework.boot.SpringApplication.run(SpringApplication.java:316)
	at org.springframework.boot.SpringApplication.run(SpringApplication.java:1306)
	at org.springframework.boot.SpringApplication.run(SpringApplication.java:1295)
	at com.mku.attendance.MkuAttendanceApplication.main(MkuAttendanceApplication.java:22)
Caused by: org.springframework.beans.BeanInstantiationException: Failed to instantiate [org.springframework.boot.autoconfigure.mail.MailSenderValidatorAutoConfiguration]: Constructor threw exception
	at org.springframework.beans.BeanUtils.instantiateClass(BeanUtils.java:224)
	at org.springframework.beans.factory.support.SimpleInstantiationStrategy.instantiate(SimpleInstantiationStrategy.java:110)
	at org.springframework.beans.factory.support.ConstructorResolver.instantiate(ConstructorResolver.java:318)
	... 19 common frames omitted
Caused by: java.lang.IllegalStateException: Mail server is not available
	at org.springframework.boot.autoconfigure.mail.MailSenderValidatorAutoConfiguration.validateConnection(MailSenderValidatorAutoConfiguration.java:52)
	at org.springframework.boot.autoconfigure.mail.MailSenderValidatorAutoConfiguration.<init>(MailSenderValidatorAutoConfiguration.java:44)
	at java.base/jdk.internal.reflect.DirectConstructorHandleAccessor.newInstance(DirectConstructorHandleAccessor.java:62)
	at java.base/java.lang.reflect.Constructor.newInstanceWithCaller(Constructor.java:499)
	at java.base/java.lang.reflect.Constructor.newInstance(Constructor.java:483)
	at org.springframework.beans.BeanUtils.instantiateClass(BeanUtils.java:211)
	... 21 common frames omitted
Caused by: jakarta.mail.AuthenticationFailedException: 535-5.7.8 Username and Password not accepted. For more information, go to
535 5.7.8  https://support.google.com/mail/?p=BadCredentials ffacd0b85a97d-42abe62bf40sm16691688f8f.9 - gsmtp

	at com.sun.mail.smtp.SMTPTransport$Authenticator.authenticate(SMTPTransport.java:979)
	at com.sun.mail.smtp.SMTPTransport.authenticate(SMTPTransport.java:890)
	at com.sun.mail.smtp.SMTPTransport.protocolConnect(SMTPTransport.java:794)
	at jakarta.mail.Service.connect(Service.java:342)
	at org.springframework.mail.javamail.JavaMailSenderImpl.connectTransport(JavaMailSenderImpl.java:518)
	at org.springframework.mail.javamail.JavaMailSenderImpl.testConnection(JavaMailSenderImpl.java:398)
	at org.springframework.boot.autoconfigure.mail.MailSenderValidatorAutoConfiguration.validateConnection(MailSenderValidatorAutoConfiguration.java:49)
	... 26 common frames omitted
2025-11-09 17:59:04 - c.m.a.MkuAttendanceApplication - Starting MkuAttendanceApplication using Java 24.0.1 with PID 12256 (C:\Users\EMMANUEL ALEX\IdeaProjects\mku-attendance-web\target\classes started by EMMANUEL ALEX in C:\Users\EMMANUEL ALEX\IdeaProjects\mku-attendance-web)
2025-11-09 17:59:04 - c.m.a.MkuAttendanceApplication - The following 1 profile is active: "default"
2025-11-09 17:59:08 - o.s.b.w.e.tomcat.TomcatWebServer - Tomcat initialized with port(s): 8080 (http)
2025-11-09 17:59:08 - o.s.b.w.s.c.ServletWebServerApplicationContext - Root WebApplicationContext: initialization completed in 4270 ms
2025-11-09 17:59:10 - o.s.b.w.e.tomcat.TomcatWebServer - Tomcat started on port(s): 8080 (http) with context path ''
2025-11-09 17:59:10 - c.m.a.MkuAttendanceApplication - Started MkuAttendanceApplication in 8.117 seconds (process running for 9.163)
2025-11-09 17:59:29 - o.s.web.servlet.DispatcherServlet - Initializing Servlet 'dispatcherServlet'
2025-11-09 17:59:29 - o.s.web.servlet.DispatcherServlet - Completed initialization in 2 ms
2025-11-09 17:59:56 - jakarta.mail - Jakarta Mail version 2.1.1
2025-11-09 17:59:56 - jakarta.mail - URL jar:file:/C:/Users/EMMANUEL%20ALEX/.m2/repository/org/eclipse/angus/jakarta.mail/1.1.0/jakarta.mail-1.1.0.jar!/META-INF/javamail.providers
2025-11-09 17:59:56 - jakarta.mail - successfully loaded resource: jar:file:/C:/Users/EMMANUEL%20ALEX/.m2/repository/org/eclipse/angus/jakarta.mail/1.1.0/jakarta.mail-1.1.0.jar!/META-INF/javamail.providers
2025-11-09 17:59:56 - jakarta.mail - successfully loaded resource: /META-INF/javamail.default.providers
2025-11-09 17:59:56 - jakarta.mail - Tables of loaded providers
2025-11-09 17:59:56 - jakarta.mail - Providers Listed By Class Name: {com.sun.mail.smtp.SMTPTransport=jakarta.mail.Provider[TRANSPORT,smtp,com.sun.mail.smtp.SMTPTransport,Oracle], com.sun.mail.pop3.POP3Store=jakarta.mail.Provider[STORE,pop3,com.sun.mail.pop3.POP3Store,Oracle], com.sun.mail.imap.IMAPSSLStore=jakarta.mail.Provider[STORE,imaps,com.sun.mail.imap.IMAPSSLStore,Oracle], com.sun.mail.smtp.SMTPSSLTransport=jakarta.mail.Provider[TRANSPORT,smtps,com.sun.mail.smtp.SMTPSSLTransport,Oracle], com.sun.mail.pop3.POP3SSLStore=jakarta.mail.Provider[STORE,pop3s,com.sun.mail.pop3.POP3SSLStore,Oracle], com.sun.mail.imap.IMAPStore=jakarta.mail.Provider[STORE,imap,com.sun.mail.imap.IMAPStore,Oracle]}
2025-11-09 17:59:56 - jakarta.mail - Providers Listed By Protocol: {imap=jakarta.mail.Provider[STORE,imap,com.sun.mail.imap.IMAPStore,Oracle], smtp=jakarta.mail.Provider[TRANSPORT,smtp,com.sun.mail.smtp.SMTPTransport,Oracle], pop3=jakarta.mail.Provider[STORE,pop3,com.sun.mail.pop3.POP3Store,Oracle], imaps=jakarta.mail.Provider[STORE,imaps,com.sun.mail.imap.IMAPSSLStore,Oracle], smtps=jakarta.mail.Provider[TRANSPORT,smtps,com.sun.mail.smtp.SMTPSSLTransport,Oracle], pop3s=jakarta.mail.Provider[STORE,pop3s,com.sun.mail.pop3.POP3SSLStore,Oracle]}
2025-11-09 17:59:56 - jakarta.mail - successfully loaded resource: /META-INF/javamail.default.address.map
2025-11-09 17:59:56 - jakarta.mail - URL jar:file:/C:/Users/EMMANUEL%20ALEX/.m2/repository/org/eclipse/angus/jakarta.mail/1.1.0/jakarta.mail-1.1.0.jar!/META-INF/javamail.address.map
2025-11-09 17:59:56 - jakarta.mail - successfully loaded resource: jar:file:/C:/Users/EMMANUEL%20ALEX/.m2/repository/org/eclipse/angus/jakarta.mail/1.1.0/jakarta.mail-1.1.0.jar!/META-INF/javamail.address.map
2025-11-09 17:59:57 - jakarta.mail - getProvider() returning jakarta.mail.Provider[TRANSPORT,smtp,com.sun.mail.smtp.SMTPTransport,Oracle]
2025-11-09 17:59:57 - com.sun.mail.smtp - useEhlo true, useAuth true
2025-11-09 17:59:57 - com.sun.mail.smtp - trying to connect to host "smtp.gmail.com", port 587, isSSL false
2025-11-09 17:59:57 - com.sun.mail.smtp - connected to host "smtp.gmail.com", port: 587
2025-11-09 17:59:57 - com.sun.mail.smtp - Found extension "SIZE", arg "35882577"
2025-11-09 17:59:57 - com.sun.mail.smtp - Found extension "8BITMIME", arg ""
2025-11-09 17:59:57 - com.sun.mail.smtp - Found extension "STARTTLS", arg ""
2025-11-09 17:59:57 - com.sun.mail.smtp - Found extension "ENHANCEDSTATUSCODES", arg ""
2025-11-09 17:59:57 - com.sun.mail.smtp - Found extension "PIPELINING", arg ""
2025-11-09 17:59:57 - com.sun.mail.smtp - Found extension "SMTPUTF8", arg ""
2025-11-09 17:59:59 - com.sun.mail.smtp - Found extension "SIZE", arg "35882577"
2025-11-09 17:59:59 - com.sun.mail.smtp - Found extension "8BITMIME", arg ""
2025-11-09 17:59:59 - com.sun.mail.smtp - Found extension "AUTH", arg "LOGIN PLAIN XOAUTH2 PLAIN-CLIENTTOKEN OAUTHBEARER XOAUTH"
2025-11-09 17:59:59 - com.sun.mail.smtp - Found extension "ENHANCEDSTATUSCODES", arg ""
2025-11-09 17:59:59 - com.sun.mail.smtp - Found extension "PIPELINING", arg ""
2025-11-09 17:59:59 - com.sun.mail.smtp - Found extension "SMTPUTF8", arg ""
2025-11-09 17:59:59 - com.sun.mail.smtp - protocolConnect login, host=smtp.gmail.com, user=sykesalex264@gmail.com, password=<non-null>
2025-11-09 17:59:59 - com.sun.mail.smtp - Attempt to authenticate using mechanisms: LOGIN PLAIN DIGEST-MD5 NTLM XOAUTH2 
2025-11-09 17:59:59 - com.sun.mail.smtp - Using mechanism LOGIN
2025-11-09 17:59:59 - com.sun.mail.smtp - AUTH LOGIN command trace suppressed
2025-11-09 18:00:00 - com.sun.mail.smtp - AUTH LOGIN failed
2025-11-09 18:09:33 - jakarta.mail - getProvider() returning jakarta.mail.Provider[TRANSPORT,smtp,com.sun.mail.smtp.SMTPTransport,Oracle]
2025-11-09 18:09:33 - com.sun.mail.smtp - useEhlo true, useAuth true
2025-11-09 18:09:33 - com.sun.mail.smtp - trying to connect to host "smtp.gmail.com", port 587, isSSL false
2025-11-09 18:09:41 - com.sun.mail.smtp - connected to host "smtp.gmail.com", port: 587
2025-11-09 18:09:56 - com.sun.mail.smtp - exception reading response
java.net.SocketTimeoutException: Read timed out
	at java.base/sun.nio.ch.NioSocketImpl.timedRead(NioSocketImpl.java:277)
	at java.base/sun.nio.ch.NioSocketImpl.implRead(NioSocketImpl.java:303)
	at java.base/sun.nio.ch.NioSocketImpl.read(NioSocketImpl.java:345)
	at java.base/sun.nio.ch.NioSocketImpl$1.read(NioSocketImpl.java:790)
	at java.base/java.net.Socket$SocketInputStream.implRead(Socket.java:983)
	at java.base/java.net.Socket$SocketInputStream.read(Socket.java:970)
	at com.sun.mail.util.TraceInputStream.read(TraceInputStream.java:105)
	at java.base/java.io.BufferedInputStream.fill(BufferedInputStream.java:289)
	at java.base/java.io.BufferedInputStream.read(BufferedInputStream.java:308)
	at com.sun.mail.util.LineInputStream.readLine(LineInputStream.java:104)
	at com.sun.mail.smtp.SMTPTransport.readServerResponse(SMTPTransport.java:2505)
	at com.sun.mail.smtp.SMTPTransport.ehlo(SMTPTransport.java:1716)
	at com.sun.mail.smtp.SMTPTransport.protocolConnect(SMTPTransport.java:758)
	at jakarta.mail.Service.connect(Service.java:342)
	at org.springframework.mail.javamail.JavaMailSenderImpl.connectTransport(JavaMailSenderImpl.java:518)
	at org.springframework.mail.javamail.JavaMailSenderImpl.doSend(JavaMailSenderImpl.java:437)
	at org.springframework.mail.javamail.JavaMailSenderImpl.send(JavaMailSenderImpl.java:361)
	at org.springframework.mail.javamail.JavaMailSenderImpl.send(JavaMailSenderImpl.java:356)
	at com.mku.attendance.services.EmailService.sendOTPEmail(EmailService.java:52)
	at java.base/jdk.internal.reflect.DirectMethodHandleAccessor.invoke(DirectMethodHandleAccessor.java:104)
	at java.base/java.lang.reflect.Method.invoke(Method.java:565)
	at org.springframework.aop.support.AopUtils.invokeJoinpointUsingReflection(AopUtils.java:343)
	at org.springframework.aop.framework.ReflectiveMethodInvocation.invokeJoinpoint(ReflectiveMethodInvocation.java:196)
	at org.springframework.aop.framework.ReflectiveMethodInvocation.proceed(ReflectiveMethodInvocation.java:163)
	at org.springframework.aop.framework.CglibAopProxy$CglibMethodInvocation.proceed(CglibAopProxy.java:751)
	at org.springframework.aop.interceptor.AsyncExecutionInterceptor.lambda$invoke$0(AsyncExecutionInterceptor.java:115)
	at java.base/java.util.concurrent.FutureTask.run(FutureTask.java:328)
	at java.base/java.util.concurrent.ThreadPoolExecutor.runWorker(ThreadPoolExecutor.java:1095)
	at java.base/java.util.concurrent.ThreadPoolExecutor$Worker.run(ThreadPoolExecutor.java:619)
	at java.base/java.lang.Thread.run(Thread.java:1447)
2025-11-09 18:52:29 - c.m.a.MkuAttendanceApplication - Starting MkuAttendanceApplication using Java 24.0.1 with PID 30184 (C:\Users\EMMANUEL ALEX\IdeaProjects\mku-attendance-web\target\classes started by EMMANUEL ALEX in C:\Users\EMMANUEL ALEX\IdeaProjects\mku-attendance-web)
2025-11-09 18:52:29 - c.m.a.MkuAttendanceApplication - The following 1 profile is active: "default"
2025-11-09 18:52:36 - o.s.b.w.e.tomcat.TomcatWebServer - Tomcat initialized with port(s): 8080 (http)
2025-11-09 18:52:36 - o.s.b.w.s.c.ServletWebServerApplicationContext - Root WebApplicationContext: initialization completed in 6776 ms
2025-11-09 18:52:40 - o.s.b.w.e.tomcat.TomcatWebServer - Tomcat started on port(s): 8080 (http) with context path ''
2025-11-09 18:52:40 - c.m.a.MkuAttendanceApplication - Started MkuAttendanceApplication in 13.352 seconds (process running for 15.477)
2025-11-09 18:54:06 - o.s.web.servlet.DispatcherServlet - Initializing Servlet 'dispatcherServlet'
2025-11-09 18:54:06 - o.s.web.servlet.DispatcherServlet - Completed initialization in 5 ms
2025-11-09 18:55:32 - jakarta.mail - Jakarta Mail version 2.1.1
2025-11-09 18:55:32 - jakarta.mail - URL jar:file:/C:/Users/EMMANUEL%20ALEX/.m2/repository/org/eclipse/angus/jakarta.mail/1.1.0/jakarta.mail-1.1.0.jar!/META-INF/javamail.providers
2025-11-09 18:55:32 - jakarta.mail - successfully loaded resource: jar:file:/C:/Users/EMMANUEL%20ALEX/.m2/repository/org/eclipse/angus/jakarta.mail/1.1.0/jakarta.mail-1.1.0.jar!/META-INF/javamail.providers
2025-11-09 18:55:32 - jakarta.mail - successfully loaded resource: /META-INF/javamail.default.providers
2025-11-09 18:55:32 - jakarta.mail - Tables of loaded providers
2025-11-09 18:55:32 - jakarta.mail - Providers Listed By Class Name: {com.sun.mail.smtp.SMTPTransport=jakarta.mail.Provider[TRANSPORT,smtp,com.sun.mail.smtp.SMTPTransport,Oracle], com.sun.mail.pop3.POP3Store=jakarta.mail.Provider[STORE,pop3,com.sun.mail.pop3.POP3Store,Oracle], com.sun.mail.imap.IMAPSSLStore=jakarta.mail.Provider[STORE,imaps,com.sun.mail.imap.IMAPSSLStore,Oracle], com.sun.mail.smtp.SMTPSSLTransport=jakarta.mail.Provider[TRANSPORT,smtps,com.sun.mail.smtp.SMTPSSLTransport,Oracle], com.sun.mail.pop3.POP3SSLStore=jakarta.mail.Provider[STORE,pop3s,com.sun.mail.pop3.POP3SSLStore,Oracle], com.sun.mail.imap.IMAPStore=jakarta.mail.Provider[STORE,imap,com.sun.mail.imap.IMAPStore,Oracle]}
2025-11-09 18:55:32 - jakarta.mail - Providers Listed By Protocol: {imap=jakarta.mail.Provider[STORE,imap,com.sun.mail.imap.IMAPStore,Oracle], smtp=jakarta.mail.Provider[TRANSPORT,smtp,com.sun.mail.smtp.SMTPTransport,Oracle], pop3=jakarta.mail.Provider[STORE,pop3,com.sun.mail.pop3.POP3Store,Oracle], imaps=jakarta.mail.Provider[STORE,imaps,com.sun.mail.imap.IMAPSSLStore,Oracle], smtps=jakarta.mail.Provider[TRANSPORT,smtps,com.sun.mail.smtp.SMTPSSLTransport,Oracle], pop3s=jakarta.mail.Provider[STORE,pop3s,com.sun.mail.pop3.POP3SSLStore,Oracle]}
2025-11-09 18:55:32 - jakarta.mail - successfully loaded resource: /META-INF/javamail.default.address.map
2025-11-09 18:55:32 - jakarta.mail - URL jar:file:/C:/Users/EMMANUEL%20ALEX/.m2/repository/org/eclipse/angus/jakarta.mail/1.1.0/jakarta.mail-1.1.0.jar!/META-INF/javamail.address.map
2025-11-09 18:55:32 - jakarta.mail - successfully loaded resource: jar:file:/C:/Users/EMMANUEL%20ALEX/.m2/repository/org/eclipse/angus/jakarta.mail/1.1.0/jakarta.mail-1.1.0.jar!/META-INF/javamail.address.map
2025-11-09 18:55:32 - jakarta.mail - getProvider() returning jakarta.mail.Provider[TRANSPORT,smtp,com.sun.mail.smtp.SMTPTransport,Oracle]
2025-11-09 18:55:32 - com.sun.mail.smtp - useEhlo true, useAuth true
2025-11-09 18:55:32 - com.sun.mail.smtp - trying to connect to host "smtp.gmail.com", port 587, isSSL false
2025-11-09 18:55:33 - com.sun.mail.smtp - connected to host "smtp.gmail.com", port: 587
2025-11-09 18:55:33 - com.sun.mail.smtp - Found extension "SIZE", arg "35882577"
2025-11-09 18:55:33 - com.sun.mail.smtp - Found extension "8BITMIME", arg ""
2025-11-09 18:55:33 - com.sun.mail.smtp - Found extension "STARTTLS", arg ""
2025-11-09 18:55:33 - com.sun.mail.smtp - Found extension "ENHANCEDSTATUSCODES", arg ""
2025-11-09 18:55:33 - com.sun.mail.smtp - Found extension "PIPELINING", arg ""
2025-11-09 18:55:33 - com.sun.mail.smtp - Found extension "SMTPUTF8", arg ""
2025-11-09 18:55:36 - com.sun.mail.smtp - Found extension "SIZE", arg "35882577"
2025-11-09 18:55:36 - com.sun.mail.smtp - Found extension "8BITMIME", arg ""
2025-11-09 18:55:36 - com.sun.mail.smtp - Found extension "AUTH", arg "LOGIN PLAIN XOAUTH2 PLAIN-CLIENTTOKEN OAUTHBEARER XOAUTH"
2025-11-09 18:55:36 - com.sun.mail.smtp - Found extension "ENHANCEDSTATUSCODES", arg ""
2025-11-09 18:55:36 - com.sun.mail.smtp - Found extension "PIPELINING", arg ""
2025-11-09 18:55:36 - com.sun.mail.smtp - Found extension "SMTPUTF8", arg ""
2025-11-09 18:55:36 - com.sun.mail.smtp - protocolConnect login, host=smtp.gmail.com, user=sykesalex264@gmail.com, password=<non-null>
2025-11-09 18:55:36 - com.sun.mail.smtp - Attempt to authenticate using mechanisms: LOGIN PLAIN DIGEST-MD5 NTLM XOAUTH2 
2025-11-09 18:55:36 - com.sun.mail.smtp - Using mechanism LOGIN
2025-11-09 18:55:36 - com.sun.mail.smtp - AUTH LOGIN command trace suppressed
2025-11-09 18:55:36 - com.sun.mail.smtp - AUTH LOGIN failed
2025-11-09 19:22:45 - c.m.a.MkuAttendanceApplication - Starting MkuAttendanceApplication using Java 24.0.1 with PID 21068 (C:\Users\EMMANUEL ALEX\IdeaProjects\mku-attendance-web\target\classes started by EMMANUEL ALEX in C:\Users\EMMANUEL ALEX\IdeaProjects\mku-attendance-web)
2025-11-09 19:22:45 - c.m.a.MkuAttendanceApplication - The following 1 profile is active: "default"
2025-11-09 19:22:55 - o.s.b.w.e.tomcat.TomcatWebServer - Tomcat initialized with port(s): 8080 (http)
2025-11-09 19:22:56 - o.s.b.w.s.c.ServletWebServerApplicationContext - Root WebApplicationContext: initialization completed in 9988 ms
2025-11-09 19:22:57 - jakarta.mail - Jakarta Mail version 2.1.1
2025-11-09 19:22:57 - jakarta.mail - URL jar:file:/C:/Users/EMMANUEL%20ALEX/.m2/repository/org/eclipse/angus/jakarta.mail/1.1.0/jakarta.mail-1.1.0.jar!/META-INF/javamail.providers
2025-11-09 19:22:57 - jakarta.mail - successfully loaded resource: jar:file:/C:/Users/EMMANUEL%20ALEX/.m2/repository/org/eclipse/angus/jakarta.mail/1.1.0/jakarta.mail-1.1.0.jar!/META-INF/javamail.providers
2025-11-09 19:22:57 - jakarta.mail - successfully loaded resource: /META-INF/javamail.default.providers
2025-11-09 19:22:57 - jakarta.mail - Tables of loaded providers
2025-11-09 19:22:57 - jakarta.mail - Providers Listed By Class Name: {com.sun.mail.smtp.SMTPTransport=jakarta.mail.Provider[TRANSPORT,smtp,com.sun.mail.smtp.SMTPTransport,Oracle], com.sun.mail.pop3.POP3Store=jakarta.mail.Provider[STORE,pop3,com.sun.mail.pop3.POP3Store,Oracle], com.sun.mail.imap.IMAPSSLStore=jakarta.mail.Provider[STORE,imaps,com.sun.mail.imap.IMAPSSLStore,Oracle], com.sun.mail.smtp.SMTPSSLTransport=jakarta.mail.Provider[TRANSPORT,smtps,com.sun.mail.smtp.SMTPSSLTransport,Oracle], com.sun.mail.pop3.POP3SSLStore=jakarta.mail.Provider[STORE,pop3s,com.sun.mail.pop3.POP3SSLStore,Oracle], com.sun.mail.imap.IMAPStore=jakarta.mail.Provider[STORE,imap,com.sun.mail.imap.IMAPStore,Oracle]}
2025-11-09 19:22:57 - jakarta.mail - Providers Listed By Protocol: {imap=jakarta.mail.Provider[STORE,imap,com.sun.mail.imap.IMAPStore,Oracle], smtp=jakarta.mail.Provider[TRANSPORT,smtp,com.sun.mail.smtp.SMTPTransport,Oracle], pop3=jakarta.mail.Provider[STORE,pop3,com.sun.mail.pop3.POP3Store,Oracle], imaps=jakarta.mail.Provider[STORE,imaps,com.sun.mail.imap.IMAPSSLStore,Oracle], smtps=jakarta.mail.Provider[TRANSPORT,smtps,com.sun.mail.smtp.SMTPSSLTransport,Oracle], pop3s=jakarta.mail.Provider[STORE,pop3s,com.sun.mail.pop3.POP3SSLStore,Oracle]}
2025-11-09 19:22:57 - jakarta.mail - successfully loaded resource: /META-INF/javamail.default.address.map
2025-11-09 19:22:57 - jakarta.mail - URL jar:file:/C:/Users/EMMANUEL%20ALEX/.m2/repository/org/eclipse/angus/jakarta.mail/1.1.0/jakarta.mail-1.1.0.jar!/META-INF/javamail.address.map
2025-11-09 19:22:57 - jakarta.mail - successfully loaded resource: jar:file:/C:/Users/EMMANUEL%20ALEX/.m2/repository/org/eclipse/angus/jakarta.mail/1.1.0/jakarta.mail-1.1.0.jar!/META-INF/javamail.address.map
2025-11-09 19:22:57 - jakarta.mail - getProvider() returning jakarta.mail.Provider[TRANSPORT,smtp,com.sun.mail.smtp.SMTPTransport,Oracle]
2025-11-09 19:22:57 - com.sun.mail.smtp - useEhlo true, useAuth true
2025-11-09 19:22:57 - com.sun.mail.smtp - trying to connect to host "smtp-mail.outlook.com", port 587, isSSL false
2025-11-09 19:22:57 - com.sun.mail.smtp - connected to host "smtp-mail.outlook.com", port: 587
2025-11-09 19:22:57 - com.sun.mail.smtp - Found extension "SIZE", arg "157286400"
2025-11-09 19:22:57 - com.sun.mail.smtp - Found extension "PIPELINING", arg ""
2025-11-09 19:22:57 - com.sun.mail.smtp - Found extension "DSN", arg ""
2025-11-09 19:22:57 - com.sun.mail.smtp - Found extension "ENHANCEDSTATUSCODES", arg ""
2025-11-09 19:22:57 - com.sun.mail.smtp - Found extension "STARTTLS", arg ""
2025-11-09 19:22:57 - com.sun.mail.smtp - Found extension "8BITMIME", arg ""
2025-11-09 19:22:57 - com.sun.mail.smtp - Found extension "SMTPUTF8", arg ""
2025-11-09 19:23:05 - o.s.b.w.e.tomcat.TomcatWebServer - Tomcat started on port(s): 8080 (http) with context path ''
2025-11-09 19:23:05 - c.m.a.MkuAttendanceApplication - Started MkuAttendanceApplication in 22.627 seconds (process running for 27.743)
2025-11-09 19:23:12 - o.s.web.servlet.DispatcherServlet - Initializing Servlet 'dispatcherServlet'
2025-11-09 19:23:12 - o.s.web.servlet.DispatcherServlet - Completed initialization in 2 ms
2025-11-09 19:23:35 - jakarta.mail - Jakarta Mail version 2.1.1
2025-11-09 19:23:35 - jakarta.mail - URL jar:file:/C:/Users/EMMANUEL%20ALEX/.m2/repository/org/eclipse/angus/jakarta.mail/1.1.0/jakarta.mail-1.1.0.jar!/META-INF/javamail.providers
2025-11-09 19:23:35 - jakarta.mail - successfully loaded resource: jar:file:/C:/Users/EMMANUEL%20ALEX/.m2/repository/org/eclipse/angus/jakarta.mail/1.1.0/jakarta.mail-1.1.0.jar!/META-INF/javamail.providers
2025-11-09 19:23:35 - jakarta.mail - successfully loaded resource: /META-INF/javamail.default.providers
2025-11-09 19:23:35 - jakarta.mail - Tables of loaded providers
2025-11-09 19:23:35 - jakarta.mail - Providers Listed By Class Name: {com.sun.mail.smtp.SMTPTransport=jakarta.mail.Provider[TRANSPORT,smtp,com.sun.mail.smtp.SMTPTransport,Oracle], com.sun.mail.pop3.POP3Store=jakarta.mail.Provider[STORE,pop3,com.sun.mail.pop3.POP3Store,Oracle], com.sun.mail.imap.IMAPSSLStore=jakarta.mail.Provider[STORE,imaps,com.sun.mail.imap.IMAPSSLStore,Oracle], com.sun.mail.smtp.SMTPSSLTransport=jakarta.mail.Provider[TRANSPORT,smtps,com.sun.mail.smtp.SMTPSSLTransport,Oracle], com.sun.mail.pop3.POP3SSLStore=jakarta.mail.Provider[STORE,pop3s,com.sun.mail.pop3.POP3SSLStore,Oracle], com.sun.mail.imap.IMAPStore=jakarta.mail.Provider[STORE,imap,com.sun.mail.imap.IMAPStore,Oracle]}
2025-11-09 19:23:35 - jakarta.mail - Providers Listed By Protocol: {imap=jakarta.mail.Provider[STORE,imap,com.sun.mail.imap.IMAPStore,Oracle], smtp=jakarta.mail.Provider[TRANSPORT,smtp,com.sun.mail.smtp.SMTPTransport,Oracle], pop3=jakarta.mail.Provider[STORE,pop3,com.sun.mail.pop3.POP3Store,Oracle], imaps=jakarta.mail.Provider[STORE,imaps,com.sun.mail.imap.IMAPSSLStore,Oracle], smtps=jakarta.mail.Provider[TRANSPORT,smtps,com.sun.mail.smtp.SMTPSSLTransport,Oracle], pop3s=jakarta.mail.Provider[STORE,pop3s,com.sun.mail.pop3.POP3SSLStore,Oracle]}
2025-11-09 19:23:35 - jakarta.mail - successfully loaded resource: /META-INF/javamail.default.address.map
2025-11-09 19:23:35 - jakarta.mail - URL jar:file:/C:/Users/EMMANUEL%20ALEX/.m2/repository/org/eclipse/angus/jakarta.mail/1.1.0/jakarta.mail-1.1.0.jar!/META-INF/javamail.address.map
2025-11-09 19:23:35 - jakarta.mail - successfully loaded resource: jar:file:/C:/Users/EMMANUEL%20ALEX/.m2/repository/org/eclipse/angus/jakarta.mail/1.1.0/jakarta.mail-1.1.0.jar!/META-INF/javamail.address.map
2025-11-09 19:23:35 - jakarta.mail - getProvider() returning jakarta.mail.Provider[TRANSPORT,smtp,com.sun.mail.smtp.SMTPTransport,Oracle]
2025-11-09 19:23:35 - com.sun.mail.smtp - useEhlo true, useAuth true
2025-11-09 19:23:35 - com.sun.mail.smtp - trying to connect to host "smtp-mail.outlook.com", port 587, isSSL false
2025-11-09 19:23:35 - com.sun.mail.smtp - connected to host "smtp-mail.outlook.com", port: 587
2025-11-09 19:23:35 - com.sun.mail.smtp - Found extension "SIZE", arg "157286400"
2025-11-09 19:23:35 - com.sun.mail.smtp - Found extension "PIPELINING", arg ""
2025-11-09 19:23:35 - com.sun.mail.smtp - Found extension "DSN", arg ""
2025-11-09 19:23:35 - com.sun.mail.smtp - Found extension "ENHANCEDSTATUSCODES", arg ""
2025-11-09 19:23:35 - com.sun.mail.smtp - Found extension "STARTTLS", arg ""
2025-11-09 19:23:35 - com.sun.mail.smtp - Found extension "8BITMIME", arg ""
2025-11-09 19:23:35 - com.sun.mail.smtp - Found extension "SMTPUTF8", arg ""
2025-11-09 19:23:36 - com.sun.mail.smtp - Found extension "SIZE", arg "157286400"
2025-11-09 19:23:36 - com.sun.mail.smtp - Found extension "PIPELINING", arg ""
2025-11-09 19:23:36 - com.sun.mail.smtp - Found extension "DSN", arg ""
2025-11-09 19:23:36 - com.sun.mail.smtp - Found extension "ENHANCEDSTATUSCODES", arg ""
2025-11-09 19:23:36 - com.sun.mail.smtp - Found extension "AUTH", arg "LOGIN XOAUTH2"
2025-11-09 19:23:36 - com.sun.mail.smtp - Found extension "8BITMIME", arg ""
2025-11-09 19:23:36 - com.sun.mail.smtp - Found extension "SMTPUTF8", arg ""
2025-11-09 19:23:36 - com.sun.mail.smtp - protocolConnect login, host=smtp-mail.outlook.com, user=your-email@outlook.com  # CHANGE THIS, password=<non-null>
2025-11-09 19:23:36 - com.sun.mail.smtp - Attempt to authenticate using mechanisms: LOGIN PLAIN DIGEST-MD5 NTLM XOAUTH2 
2025-11-09 19:23:36 - com.sun.mail.smtp - Using mechanism LOGIN
2025-11-09 19:23:36 - com.sun.mail.smtp - AUTH LOGIN command trace suppressed
2025-11-09 19:23:41 - com.sun.mail.smtp - AUTH LOGIN failed
2025-11-09 19:33:54 - c.m.a.MkuAttendanceApplication - Starting MkuAttendanceApplication using Java 24.0.1 with PID 28344 (C:\Users\EMMANUEL ALEX\IdeaProjects\mku-attendance-web\target\classes started by EMMANUEL ALEX in C:\Users\EMMANUEL ALEX\IdeaProjects\mku-attendance-web)
2025-11-09 19:33:54 - c.m.a.MkuAttendanceApplication - The following 1 profile is active: "default"
2025-11-09 19:34:00 - o.s.b.w.e.tomcat.TomcatWebServer - Tomcat initialized with port(s): 8080 (http)
2025-11-09 19:34:01 - o.s.b.w.s.c.ServletWebServerApplicationContext - Root WebApplicationContext: initialization completed in 6277 ms
2025-11-09 19:34:02 - jakarta.mail - Jakarta Mail version 2.1.1
2025-11-09 19:34:02 - jakarta.mail - URL jar:file:/C:/Users/EMMANUEL%20ALEX/.m2/repository/org/eclipse/angus/jakarta.mail/1.1.0/jakarta.mail-1.1.0.jar!/META-INF/javamail.providers
2025-11-09 19:34:02 - jakarta.mail - successfully loaded resource: jar:file:/C:/Users/EMMANUEL%20ALEX/.m2/repository/org/eclipse/angus/jakarta.mail/1.1.0/jakarta.mail-1.1.0.jar!/META-INF/javamail.providers
2025-11-09 19:34:02 - jakarta.mail - successfully loaded resource: /META-INF/javamail.default.providers
2025-11-09 19:34:02 - jakarta.mail - Tables of loaded providers
2025-11-09 19:34:02 - jakarta.mail - Providers Listed By Class Name: {com.sun.mail.smtp.SMTPTransport=jakarta.mail.Provider[TRANSPORT,smtp,com.sun.mail.smtp.SMTPTransport,Oracle], com.sun.mail.pop3.POP3Store=jakarta.mail.Provider[STORE,pop3,com.sun.mail.pop3.POP3Store,Oracle], com.sun.mail.imap.IMAPSSLStore=jakarta.mail.Provider[STORE,imaps,com.sun.mail.imap.IMAPSSLStore,Oracle], com.sun.mail.smtp.SMTPSSLTransport=jakarta.mail.Provider[TRANSPORT,smtps,com.sun.mail.smtp.SMTPSSLTransport,Oracle], com.sun.mail.pop3.POP3SSLStore=jakarta.mail.Provider[STORE,pop3s,com.sun.mail.pop3.POP3SSLStore,Oracle], com.sun.mail.imap.IMAPStore=jakarta.mail.Provider[STORE,imap,com.sun.mail.imap.IMAPStore,Oracle]}
2025-11-09 19:34:02 - jakarta.mail - Providers Listed By Protocol: {imap=jakarta.mail.Provider[STORE,imap,com.sun.mail.imap.IMAPStore,Oracle], smtp=jakarta.mail.Provider[TRANSPORT,smtp,com.sun.mail.smtp.SMTPTransport,Oracle], pop3=jakarta.mail.Provider[STORE,pop3,com.sun.mail.pop3.POP3Store,Oracle], imaps=jakarta.mail.Provider[STORE,imaps,com.sun.mail.imap.IMAPSSLStore,Oracle], smtps=jakarta.mail.Provider[TRANSPORT,smtps,com.sun.mail.smtp.SMTPSSLTransport,Oracle], pop3s=jakarta.mail.Provider[STORE,pop3s,com.sun.mail.pop3.POP3SSLStore,Oracle]}
2025-11-09 19:34:02 - jakarta.mail - successfully loaded resource: /META-INF/javamail.default.address.map
2025-11-09 19:34:02 - jakarta.mail - URL jar:file:/C:/Users/EMMANUEL%20ALEX/.m2/repository/org/eclipse/angus/jakarta.mail/1.1.0/jakarta.mail-1.1.0.jar!/META-INF/javamail.address.map
2025-11-09 19:34:02 - jakarta.mail - successfully loaded resource: jar:file:/C:/Users/EMMANUEL%20ALEX/.m2/repository/org/eclipse/angus/jakarta.mail/1.1.0/jakarta.mail-1.1.0.jar!/META-INF/javamail.address.map
2025-11-09 19:34:02 - jakarta.mail - getProvider() returning jakarta.mail.Provider[TRANSPORT,smtp,com.sun.mail.smtp.SMTPTransport,Oracle]
2025-11-09 19:34:02 - com.sun.mail.smtp - useEhlo true, useAuth true
2025-11-09 19:34:02 - com.sun.mail.smtp - trying to connect to host "smtp-mail.outlook.com", port 587, isSSL false
2025-11-09 19:34:02 - com.sun.mail.smtp - connected to host "smtp-mail.outlook.com", port: 587
2025-11-09 19:34:02 - com.sun.mail.smtp - Found extension "SIZE", arg "157286400"
2025-11-09 19:34:02 - com.sun.mail.smtp - Found extension "PIPELINING", arg ""
2025-11-09 19:34:02 - com.sun.mail.smtp - Found extension "DSN", arg ""
2025-11-09 19:34:02 - com.sun.mail.smtp - Found extension "ENHANCEDSTATUSCODES", arg ""
2025-11-09 19:34:02 - com.sun.mail.smtp - Found extension "STARTTLS", arg ""
2025-11-09 19:34:02 - com.sun.mail.smtp - Found extension "8BITMIME", arg ""
2025-11-09 19:34:02 - com.sun.mail.smtp - Found extension "SMTPUTF8", arg ""
2025-11-09 19:34:06 - o.s.b.w.e.tomcat.TomcatWebServer - Tomcat started on port(s): 8080 (http) with context path ''
2025-11-09 19:34:07 - c.m.a.MkuAttendanceApplication - Started MkuAttendanceApplication in 14.66 seconds (process running for 17.347)
2025-11-09 19:34:38 - o.s.web.servlet.DispatcherServlet - Initializing Servlet 'dispatcherServlet'
2025-11-09 19:34:38 - o.s.web.servlet.DispatcherServlet - Completed initialization in 7 ms
2025-11-09 19:35:02 - jakarta.mail - Jakarta Mail version 2.1.1
2025-11-09 19:35:02 - jakarta.mail - URL jar:file:/C:/Users/EMMANUEL%20ALEX/.m2/repository/org/eclipse/angus/jakarta.mail/1.1.0/jakarta.mail-1.1.0.jar!/META-INF/javamail.providers
2025-11-09 19:35:02 - jakarta.mail - successfully loaded resource: jar:file:/C:/Users/EMMANUEL%20ALEX/.m2/repository/org/eclipse/angus/jakarta.mail/1.1.0/jakarta.mail-1.1.0.jar!/META-INF/javamail.providers
2025-11-09 19:35:02 - jakarta.mail - successfully loaded resource: /META-INF/javamail.default.providers
2025-11-09 19:35:02 - jakarta.mail - Tables of loaded providers
2025-11-09 19:35:02 - jakarta.mail - Providers Listed By Class Name: {com.sun.mail.smtp.SMTPTransport=jakarta.mail.Provider[TRANSPORT,smtp,com.sun.mail.smtp.SMTPTransport,Oracle], com.sun.mail.pop3.POP3Store=jakarta.mail.Provider[STORE,pop3,com.sun.mail.pop3.POP3Store,Oracle], com.sun.mail.imap.IMAPSSLStore=jakarta.mail.Provider[STORE,imaps,com.sun.mail.imap.IMAPSSLStore,Oracle], com.sun.mail.smtp.SMTPSSLTransport=jakarta.mail.Provider[TRANSPORT,smtps,com.sun.mail.smtp.SMTPSSLTransport,Oracle], com.sun.mail.pop3.POP3SSLStore=jakarta.mail.Provider[STORE,pop3s,com.sun.mail.pop3.POP3SSLStore,Oracle], com.sun.mail.imap.IMAPStore=jakarta.mail.Provider[STORE,imap,com.sun.mail.imap.IMAPStore,Oracle]}
2025-11-09 19:35:02 - jakarta.mail - Providers Listed By Protocol: {imap=jakarta.mail.Provider[STORE,imap,com.sun.mail.imap.IMAPStore,Oracle], smtp=jakarta.mail.Provider[TRANSPORT,smtp,com.sun.mail.smtp.SMTPTransport,Oracle], pop3=jakarta.mail.Provider[STORE,pop3,com.sun.mail.pop3.POP3Store,Oracle], imaps=jakarta.mail.Provider[STORE,imaps,com.sun.mail.imap.IMAPSSLStore,Oracle], smtps=jakarta.mail.Provider[TRANSPORT,smtps,com.sun.mail.smtp.SMTPSSLTransport,Oracle], pop3s=jakarta.mail.Provider[STORE,pop3s,com.sun.mail.pop3.POP3SSLStore,Oracle]}
2025-11-09 19:35:02 - jakarta.mail - successfully loaded resource: /META-INF/javamail.default.address.map
2025-11-09 19:35:02 - jakarta.mail - URL jar:file:/C:/Users/EMMANUEL%20ALEX/.m2/repository/org/eclipse/angus/jakarta.mail/1.1.0/jakarta.mail-1.1.0.jar!/META-INF/javamail.address.map
2025-11-09 19:35:02 - jakarta.mail - successfully loaded resource: jar:file:/C:/Users/EMMANUEL%20ALEX/.m2/repository/org/eclipse/angus/jakarta.mail/1.1.0/jakarta.mail-1.1.0.jar!/META-INF/javamail.address.map
2025-11-09 19:35:02 - jakarta.mail - getProvider() returning jakarta.mail.Provider[TRANSPORT,smtp,com.sun.mail.smtp.SMTPTransport,Oracle]
2025-11-09 19:35:02 - com.sun.mail.smtp - useEhlo true, useAuth true
2025-11-09 19:35:02 - com.sun.mail.smtp - trying to connect to host "smtp-mail.outlook.com", port 587, isSSL false
2025-11-09 19:35:02 - com.sun.mail.smtp - connected to host "smtp-mail.outlook.com", port: 587
2025-11-09 19:35:03 - com.sun.mail.smtp - Found extension "SIZE", arg "157286400"
2025-11-09 19:35:03 - com.sun.mail.smtp - Found extension "PIPELINING", arg ""
2025-11-09 19:35:03 - com.sun.mail.smtp - Found extension "DSN", arg ""
2025-11-09 19:35:03 - com.sun.mail.smtp - Found extension "ENHANCEDSTATUSCODES", arg ""
2025-11-09 19:35:03 - com.sun.mail.smtp - Found extension "STARTTLS", arg ""
2025-11-09 19:35:03 - com.sun.mail.smtp - Found extension "8BITMIME", arg ""
2025-11-09 19:35:03 - com.sun.mail.smtp - Found extension "SMTPUTF8", arg ""
2025-11-09 19:35:04 - com.sun.mail.smtp - Found extension "SIZE", arg "157286400"
2025-11-09 19:35:04 - com.sun.mail.smtp - Found extension "PIPELINING", arg ""
2025-11-09 19:35:04 - com.sun.mail.smtp - Found extension "DSN", arg ""
2025-11-09 19:35:04 - com.sun.mail.smtp - Found extension "ENHANCEDSTATUSCODES", arg ""
2025-11-09 19:35:04 - com.sun.mail.smtp - Found extension "AUTH", arg "LOGIN XOAUTH2"
2025-11-09 19:35:04 - com.sun.mail.smtp - Found extension "8BITMIME", arg ""
2025-11-09 19:35:04 - com.sun.mail.smtp - Found extension "SMTPUTF8", arg ""
2025-11-09 19:35:04 - com.sun.mail.smtp - protocolConnect login, host=smtp-mail.outlook.com, user=your-email@outlook.com  # CHANGE THIS, password=<non-null>
2025-11-09 19:35:04 - com.sun.mail.smtp - Attempt to authenticate using mechanisms: LOGIN PLAIN DIGEST-MD5 NTLM XOAUTH2 
2025-11-09 19:35:04 - com.sun.mail.smtp - Using mechanism LOGIN
2025-11-09 19:35:04 - com.sun.mail.smtp - AUTH LOGIN command trace suppressed
2025-11-09 19:35:15 - com.sun.mail.smtp - AUTH LOGIN failed
2025-11-09 19:48:53 - c.m.a.MkuAttendanceApplication - Starting MkuAttendanceApplication using Java 24.0.1 with PID 6604 (C:\Users\EMMANUEL ALEX\IdeaProjects\mku-attendance-web\target\classes started by EMMANUEL ALEX in C:\Users\EMMANUEL ALEX\IdeaProjects\mku-attendance-web)
2025-11-09 19:48:53 - c.m.a.MkuAttendanceApplication - The following 1 profile is active: "default"
2025-11-09 19:49:00 - o.s.b.w.e.tomcat.TomcatWebServer - Tomcat initialized with port(s): 8080 (http)
2025-11-09 19:49:00 - o.s.b.w.s.c.ServletWebServerApplicationContext - Root WebApplicationContext: initialization completed in 6556 ms
2025-11-09 19:49:01 - jakarta.mail - Jakarta Mail version 2.1.1
2025-11-09 19:49:01 - jakarta.mail - URL jar:file:/C:/Users/EMMANUEL%20ALEX/.m2/repository/org/eclipse/angus/jakarta.mail/1.1.0/jakarta.mail-1.1.0.jar!/META-INF/javamail.providers
2025-11-09 19:49:01 - jakarta.mail - successfully loaded resource: jar:file:/C:/Users/EMMANUEL%20ALEX/.m2/repository/org/eclipse/angus/jakarta.mail/1.1.0/jakarta.mail-1.1.0.jar!/META-INF/javamail.providers
2025-11-09 19:49:01 - jakarta.mail - successfully loaded resource: /META-INF/javamail.default.providers
2025-11-09 19:49:01 - jakarta.mail - Tables of loaded providers
2025-11-09 19:49:01 - jakarta.mail - Providers Listed By Class Name: {com.sun.mail.smtp.SMTPTransport=jakarta.mail.Provider[TRANSPORT,smtp,com.sun.mail.smtp.SMTPTransport,Oracle], com.sun.mail.pop3.POP3Store=jakarta.mail.Provider[STORE,pop3,com.sun.mail.pop3.POP3Store,Oracle], com.sun.mail.imap.IMAPSSLStore=jakarta.mail.Provider[STORE,imaps,com.sun.mail.imap.IMAPSSLStore,Oracle], com.sun.mail.smtp.SMTPSSLTransport=jakarta.mail.Provider[TRANSPORT,smtps,com.sun.mail.smtp.SMTPSSLTransport,Oracle], com.sun.mail.pop3.POP3SSLStore=jakarta.mail.Provider[STORE,pop3s,com.sun.mail.pop3.POP3SSLStore,Oracle], com.sun.mail.imap.IMAPStore=jakarta.mail.Provider[STORE,imap,com.sun.mail.imap.IMAPStore,Oracle]}
2025-11-09 19:49:01 - jakarta.mail - Providers Listed By Protocol: {imap=jakarta.mail.Provider[STORE,imap,com.sun.mail.imap.IMAPStore,Oracle], smtp=jakarta.mail.Provider[TRANSPORT,smtp,com.sun.mail.smtp.SMTPTransport,Oracle], pop3=jakarta.mail.Provider[STORE,pop3,com.sun.mail.pop3.POP3Store,Oracle], imaps=jakarta.mail.Provider[STORE,imaps,com.sun.mail.imap.IMAPSSLStore,Oracle], smtps=jakarta.mail.Provider[TRANSPORT,smtps,com.sun.mail.smtp.SMTPSSLTransport,Oracle], pop3s=jakarta.mail.Provider[STORE,pop3s,com.sun.mail.pop3.POP3SSLStore,Oracle]}
2025-11-09 19:49:01 - jakarta.mail - successfully loaded resource: /META-INF/javamail.default.address.map
2025-11-09 19:49:01 - jakarta.mail - URL jar:file:/C:/Users/EMMANUEL%20ALEX/.m2/repository/org/eclipse/angus/jakarta.mail/1.1.0/jakarta.mail-1.1.0.jar!/META-INF/javamail.address.map
2025-11-09 19:49:01 - jakarta.mail - successfully loaded resource: jar:file:/C:/Users/EMMANUEL%20ALEX/.m2/repository/org/eclipse/angus/jakarta.mail/1.1.0/jakarta.mail-1.1.0.jar!/META-INF/javamail.address.map
2025-11-09 19:49:01 - jakarta.mail - getProvider() returning jakarta.mail.Provider[TRANSPORT,smtp,com.sun.mail.smtp.SMTPTransport,Oracle]
2025-11-09 19:49:01 - com.sun.mail.smtp - useEhlo true, useAuth true
2025-11-09 19:49:01 - com.sun.mail.smtp - trying to connect to host "smtp-mail.outlook.com", port 587, isSSL false
2025-11-09 19:49:15 - o.s.b.w.e.tomcat.TomcatWebServer - Tomcat started on port(s): 8080 (http) with context path ''
2025-11-09 19:49:15 - c.m.a.MkuAttendanceApplication - Started MkuAttendanceApplication in 26.681 seconds (process running for 28.607)
2025-11-09 19:49:22 - o.s.web.servlet.DispatcherServlet - Initializing Servlet 'dispatcherServlet'
2025-11-09 19:49:22 - o.s.web.servlet.DispatcherServlet - Completed initialization in 2 ms
2025-11-09 19:49:42 - jakarta.mail - Jakarta Mail version 2.1.1
2025-11-09 19:49:42 - jakarta.mail - URL jar:file:/C:/Users/EMMANUEL%20ALEX/.m2/repository/org/eclipse/angus/jakarta.mail/1.1.0/jakarta.mail-1.1.0.jar!/META-INF/javamail.providers
2025-11-09 19:49:42 - jakarta.mail - successfully loaded resource: jar:file:/C:/Users/EMMANUEL%20ALEX/.m2/repository/org/eclipse/angus/jakarta.mail/1.1.0/jakarta.mail-1.1.0.jar!/META-INF/javamail.providers
2025-11-09 19:49:42 - jakarta.mail - successfully loaded resource: /META-INF/javamail.default.providers
2025-11-09 19:49:42 - jakarta.mail - Tables of loaded providers
2025-11-09 19:49:42 - jakarta.mail - Providers Listed By Class Name: {com.sun.mail.smtp.SMTPTransport=jakarta.mail.Provider[TRANSPORT,smtp,com.sun.mail.smtp.SMTPTransport,Oracle], com.sun.mail.pop3.POP3Store=jakarta.mail.Provider[STORE,pop3,com.sun.mail.pop3.POP3Store,Oracle], com.sun.mail.imap.IMAPSSLStore=jakarta.mail.Provider[STORE,imaps,com.sun.mail.imap.IMAPSSLStore,Oracle], com.sun.mail.smtp.SMTPSSLTransport=jakarta.mail.Provider[TRANSPORT,smtps,com.sun.mail.smtp.SMTPSSLTransport,Oracle], com.sun.mail.pop3.POP3SSLStore=jakarta.mail.Provider[STORE,pop3s,com.sun.mail.pop3.POP3SSLStore,Oracle], com.sun.mail.imap.IMAPStore=jakarta.mail.Provider[STORE,imap,com.sun.mail.imap.IMAPStore,Oracle]}
2025-11-09 19:49:42 - jakarta.mail - Providers Listed By Protocol: {imap=jakarta.mail.Provider[STORE,imap,com.sun.mail.imap.IMAPStore,Oracle], smtp=jakarta.mail.Provider[TRANSPORT,smtp,com.sun.mail.smtp.SMTPTransport,Oracle], pop3=jakarta.mail.Provider[STORE,pop3,com.sun.mail.pop3.POP3Store,Oracle], imaps=jakarta.mail.Provider[STORE,imaps,com.sun.mail.imap.IMAPSSLStore,Oracle], smtps=jakarta.mail.Provider[TRANSPORT,smtps,com.sun.mail.smtp.SMTPSSLTransport,Oracle], pop3s=jakarta.mail.Provider[STORE,pop3s,com.sun.mail.pop3.POP3SSLStore,Oracle]}
2025-11-09 19:49:42 - jakarta.mail - successfully loaded resource: /META-INF/javamail.default.address.map
2025-11-09 19:49:42 - jakarta.mail - URL jar:file:/C:/Users/EMMANUEL%20ALEX/.m2/repository/org/eclipse/angus/jakarta.mail/1.1.0/jakarta.mail-1.1.0.jar!/META-INF/javamail.address.map
2025-11-09 19:49:42 - jakarta.mail - successfully loaded resource: jar:file:/C:/Users/EMMANUEL%20ALEX/.m2/repository/org/eclipse/angus/jakarta.mail/1.1.0/jakarta.mail-1.1.0.jar!/META-INF/javamail.address.map
2025-11-09 19:49:42 - jakarta.mail - getProvider() returning jakarta.mail.Provider[TRANSPORT,smtp,com.sun.mail.smtp.SMTPTransport,Oracle]
2025-11-09 19:49:42 - com.sun.mail.smtp - useEhlo true, useAuth true
2025-11-09 19:49:42 - com.sun.mail.smtp - trying to connect to host "smtp-mail.outlook.com", port 587, isSSL false
2025-11-09 19:49:50 - com.sun.mail.smtp - connected to host "smtp-mail.outlook.com", port: 587
2025-11-09 19:49:50 - com.sun.mail.smtp - Found extension "SIZE", arg "157286400"
2025-11-09 19:49:50 - com.sun.mail.smtp - Found extension "PIPELINING", arg ""
2025-11-09 19:49:50 - com.sun.mail.smtp - Found extension "DSN", arg ""
2025-11-09 19:49:50 - com.sun.mail.smtp - Found extension "ENHANCEDSTATUSCODES", arg ""
2025-11-09 19:49:50 - com.sun.mail.smtp - Found extension "STARTTLS", arg ""
2025-11-09 19:49:50 - com.sun.mail.smtp - Found extension "8BITMIME", arg ""
2025-11-09 19:49:50 - com.sun.mail.smtp - Found extension "SMTPUTF8", arg ""
2025-11-09 19:49:52 - com.sun.mail.smtp - Found extension "SIZE", arg "157286400"
2025-11-09 19:49:52 - com.sun.mail.smtp - Found extension "PIPELINING", arg ""
2025-11-09 19:49:52 - com.sun.mail.smtp - Found extension "DSN", arg ""
2025-11-09 19:49:52 - com.sun.mail.smtp - Found extension "ENHANCEDSTATUSCODES", arg ""
2025-11-09 19:49:52 - com.sun.mail.smtp - Found extension "AUTH", arg "LOGIN XOAUTH2"
2025-11-09 19:49:52 - com.sun.mail.smtp - Found extension "8BITMIME", arg ""
2025-11-09 19:49:52 - com.sun.mail.smtp - Found extension "SMTPUTF8", arg ""
2025-11-09 19:49:52 - com.sun.mail.smtp - protocolConnect login, host=smtp-mail.outlook.com, user=your-email@outlook.com  # CHANGE THIS, password=<non-null>
2025-11-09 19:49:52 - com.sun.mail.smtp - Attempt to authenticate using mechanisms: LOGIN PLAIN DIGEST-MD5 NTLM XOAUTH2 
2025-11-09 19:49:52 - com.sun.mail.smtp - Using mechanism LOGIN
2025-11-09 19:49:52 - com.sun.mail.smtp - AUTH LOGIN command trace suppressed
2025-11-09 19:49:57 - com.sun.mail.smtp - AUTH LOGIN failed
2025-11-09 20:57:19 - jakarta.mail - getProvider() returning jakarta.mail.Provider[TRANSPORT,smtp,com.sun.mail.smtp.SMTPTransport,Oracle]
2025-11-09 20:57:19 - com.sun.mail.smtp - useEhlo true, useAuth true
2025-11-09 20:57:19 - com.sun.mail.smtp - trying to connect to host "smtp-mail.outlook.com", port 587, isSSL false
2025-11-09 20:57:20 - com.sun.mail.smtp - connected to host "smtp-mail.outlook.com", port: 587
2025-11-09 20:57:20 - com.sun.mail.smtp - Found extension "SIZE", arg "157286400"
2025-11-09 20:57:20 - com.sun.mail.smtp - Found extension "PIPELINING", arg ""
2025-11-09 20:57:20 - com.sun.mail.smtp - Found extension "DSN", arg ""
2025-11-09 20:57:20 - com.sun.mail.smtp - Found extension "ENHANCEDSTATUSCODES", arg ""
2025-11-09 20:57:20 - com.sun.mail.smtp - Found extension "STARTTLS", arg ""
2025-11-09 20:57:20 - com.sun.mail.smtp - Found extension "8BITMIME", arg ""
2025-11-09 20:57:20 - com.sun.mail.smtp - Found extension "SMTPUTF8", arg ""
2025-11-09 21:10:22 - c.m.a.MkuAttendanceApplication - Starting MkuAttendanceApplication using Java 24.0.1 with PID 12940 (C:\Users\EMMANUEL ALEX\IdeaProjects\mku-attendance-web\target\classes started by EMMANUEL ALEX in C:\Users\EMMANUEL ALEX\IdeaProjects\mku-attendance-web)
2025-11-09 21:10:22 - c.m.a.MkuAttendanceApplication - Running with Spring Boot v3.1.5, Spring v6.0.13
2025-11-09 21:10:22 - c.m.a.MkuAttendanceApplication - The following 1 profile is active: "default"
2025-11-09 21:10:27 - o.s.b.w.e.tomcat.TomcatWebServer - Tomcat initialized with port(s): 8080 (http)
2025-11-09 21:10:28 - o.s.b.w.s.c.ServletWebServerApplicationContext - Root WebApplicationContext: initialization completed in 5773 ms
2025-11-09 21:10:28 - o.s.b.w.s.c.AnnotationConfigServletWebServerApplicationContext - Exception encountered during context initialization - cancelling refresh attempt: org.springframework.beans.factory.UnsatisfiedDependencyException: Error creating bean with name 'mkuAttendanceApplication': Unsatisfied dependency expressed through field 'emailService': Error creating bean with name 'emailService': Unsatisfied dependency expressed through field 'mailSender': No qualifying bean of type 'org.springframework.mail.javamail.JavaMailSender' available: expected at least 1 bean which qualifies as autowire candidate. Dependency annotations: {@org.springframework.beans.factory.annotation.Autowired(required=true)}
2025-11-09 21:10:28 - o.s.b.a.l.ConditionEvaluationReportLogger - 

Error starting ApplicationContext. To display the condition evaluation report re-run your application with 'debug' enabled.
2025-11-09 21:10:28 - o.s.b.d.LoggingFailureAnalysisReporter - 

***************************
APPLICATION FAILED TO START
***************************

Description:

Field mailSender in com.mku.attendance.services.EmailService required a bean of type 'org.springframework.mail.javamail.JavaMailSender' that could not be found.

The injection point has the following annotations:
	- @org.springframework.beans.factory.annotation.Autowired(required=true)


Action:

Consider defining a bean of type 'org.springframework.mail.javamail.JavaMailSender' in your configuration.

2025-11-09 21:14:48 - c.m.a.MkuAttendanceApplication - Starting MkuAttendanceApplication using Java 24.0.1 with PID 10000 (C:\Users\EMMANUEL ALEX\IdeaProjects\mku-attendance-web\target\classes started by EMMANUEL ALEX in C:\Users\EMMANUEL ALEX\IdeaProjects\mku-attendance-web)
2025-11-09 21:14:48 - c.m.a.MkuAttendanceApplication - The following 1 profile is active: "default"
2025-11-09 21:14:52 - o.s.b.w.e.tomcat.TomcatWebServer - Tomcat initialized with port(s): 8080 (http)
2025-11-09 21:14:52 - o.s.b.w.s.c.ServletWebServerApplicationContext - Root WebApplicationContext: initialization completed in 4082 ms
2025-11-09 21:14:53 - jakarta.mail - Jakarta Mail version 2.1.1
2025-11-09 21:14:53 - jakarta.mail - URL jar:file:/C:/Users/EMMANUEL%20ALEX/.m2/repository/org/eclipse/angus/jakarta.mail/1.1.0/jakarta.mail-1.1.0.jar!/META-INF/javamail.providers
2025-11-09 21:14:53 - jakarta.mail - successfully loaded resource: jar:file:/C:/Users/EMMANUEL%20ALEX/.m2/repository/org/eclipse/angus/jakarta.mail/1.1.0/jakarta.mail-1.1.0.jar!/META-INF/javamail.providers
2025-11-09 21:14:53 - jakarta.mail - successfully loaded resource: /META-INF/javamail.default.providers
2025-11-09 21:14:53 - jakarta.mail - Tables of loaded providers
2025-11-09 21:14:53 - jakarta.mail - Providers Listed By Class Name: {com.sun.mail.smtp.SMTPTransport=jakarta.mail.Provider[TRANSPORT,smtp,com.sun.mail.smtp.SMTPTransport,Oracle], com.sun.mail.pop3.POP3Store=jakarta.mail.Provider[STORE,pop3,com.sun.mail.pop3.POP3Store,Oracle], com.sun.mail.imap.IMAPSSLStore=jakarta.mail.Provider[STORE,imaps,com.sun.mail.imap.IMAPSSLStore,Oracle], com.sun.mail.smtp.SMTPSSLTransport=jakarta.mail.Provider[TRANSPORT,smtps,com.sun.mail.smtp.SMTPSSLTransport,Oracle], com.sun.mail.pop3.POP3SSLStore=jakarta.mail.Provider[STORE,pop3s,com.sun.mail.pop3.POP3SSLStore,Oracle], com.sun.mail.imap.IMAPStore=jakarta.mail.Provider[STORE,imap,com.sun.mail.imap.IMAPStore,Oracle]}
2025-11-09 21:14:53 - jakarta.mail - Providers Listed By Protocol: {imap=jakarta.mail.Provider[STORE,imap,com.sun.mail.imap.IMAPStore,Oracle], smtp=jakarta.mail.Provider[TRANSPORT,smtp,com.sun.mail.smtp.SMTPTransport,Oracle], pop3=jakarta.mail.Provider[STORE,pop3,com.sun.mail.pop3.POP3Store,Oracle], imaps=jakarta.mail.Provider[STORE,imaps,com.sun.mail.imap.IMAPSSLStore,Oracle], smtps=jakarta.mail.Provider[TRANSPORT,smtps,com.sun.mail.smtp.SMTPSSLTransport,Oracle], pop3s=jakarta.mail.Provider[STORE,pop3s,com.sun.mail.pop3.POP3SSLStore,Oracle]}
2025-11-09 21:14:53 - jakarta.mail - successfully loaded resource: /META-INF/javamail.default.address.map
2025-11-09 21:14:53 - jakarta.mail - URL jar:file:/C:/Users/EMMANUEL%20ALEX/.m2/repository/org/eclipse/angus/jakarta.mail/1.1.0/jakarta.mail-1.1.0.jar!/META-INF/javamail.address.map
2025-11-09 21:14:53 - jakarta.mail - successfully loaded resource: jar:file:/C:/Users/EMMANUEL%20ALEX/.m2/repository/org/eclipse/angus/jakarta.mail/1.1.0/jakarta.mail-1.1.0.jar!/META-INF/javamail.address.map
2025-11-09 21:14:53 - jakarta.mail - getProvider() returning jakarta.mail.Provider[TRANSPORT,smtp,com.sun.mail.smtp.SMTPTransport,Oracle]
2025-11-09 21:14:53 - com.sun.mail.smtp - useEhlo true, useAuth true
2025-11-09 21:14:53 - com.sun.mail.smtp - trying to connect to host "smtp-mail.outlook.com", port 587, isSSL false
2025-11-09 21:14:55 - com.sun.mail.smtp - connected to host "smtp-mail.outlook.com", port: 587
2025-11-09 21:14:56 - com.sun.mail.smtp - Found extension "SIZE", arg "157286400"
2025-11-09 21:14:56 - com.sun.mail.smtp - Found extension "PIPELINING", arg ""
2025-11-09 21:14:56 - com.sun.mail.smtp - Found extension "DSN", arg ""
2025-11-09 21:14:56 - com.sun.mail.smtp - Found extension "ENHANCEDSTATUSCODES", arg ""
2025-11-09 21:14:56 - com.sun.mail.smtp - Found extension "STARTTLS", arg ""
2025-11-09 21:14:56 - com.sun.mail.smtp - Found extension "8BITMIME", arg ""
2025-11-09 21:14:56 - com.sun.mail.smtp - Found extension "SMTPUTF8", arg ""
2025-11-09 21:15:03 - o.s.b.w.e.tomcat.TomcatWebServer - Tomcat started on port(s): 8080 (http) with context path ''
2025-11-09 21:15:03 - c.m.a.MkuAttendanceApplication - Started MkuAttendanceApplication in 16.577 seconds (process running for 17.804)
2025-11-09 21:15:14 - o.s.web.servlet.DispatcherServlet - Initializing Servlet 'dispatcherServlet'
2025-11-09 21:15:14 - o.s.web.servlet.DispatcherServlet - Completed initialization in 9 ms
2025-11-09 21:15:14 - jakarta.mail - Jakarta Mail version 2.1.1
2025-11-09 21:15:14 - jakarta.mail - URL jar:file:/C:/Users/EMMANUEL%20ALEX/.m2/repository/org/eclipse/angus/jakarta.mail/1.1.0/jakarta.mail-1.1.0.jar!/META-INF/javamail.providers
2025-11-09 21:15:14 - jakarta.mail - successfully loaded resource: jar:file:/C:/Users/EMMANUEL%20ALEX/.m2/repository/org/eclipse/angus/jakarta.mail/1.1.0/jakarta.mail-1.1.0.jar!/META-INF/javamail.providers
2025-11-09 21:15:14 - jakarta.mail - successfully loaded resource: /META-INF/javamail.default.providers
2025-11-09 21:15:14 - jakarta.mail - Tables of loaded providers
2025-11-09 21:15:14 - jakarta.mail - Providers Listed By Class Name: {com.sun.mail.smtp.SMTPTransport=jakarta.mail.Provider[TRANSPORT,smtp,com.sun.mail.smtp.SMTPTransport,Oracle], com.sun.mail.pop3.POP3Store=jakarta.mail.Provider[STORE,pop3,com.sun.mail.pop3.POP3Store,Oracle], com.sun.mail.imap.IMAPSSLStore=jakarta.mail.Provider[STORE,imaps,com.sun.mail.imap.IMAPSSLStore,Oracle], com.sun.mail.smtp.SMTPSSLTransport=jakarta.mail.Provider[TRANSPORT,smtps,com.sun.mail.smtp.SMTPSSLTransport,Oracle], com.sun.mail.pop3.POP3SSLStore=jakarta.mail.Provider[STORE,pop3s,com.sun.mail.pop3.POP3SSLStore,Oracle], com.sun.mail.imap.IMAPStore=jakarta.mail.Provider[STORE,imap,com.sun.mail.imap.IMAPStore,Oracle]}
2025-11-09 21:15:14 - jakarta.mail - Providers Listed By Protocol: {imap=jakarta.mail.Provider[STORE,imap,com.sun.mail.imap.IMAPStore,Oracle], smtp=jakarta.mail.Provider[TRANSPORT,smtp,com.sun.mail.smtp.SMTPTransport,Oracle], pop3=jakarta.mail.Provider[STORE,pop3,com.sun.mail.pop3.POP3Store,Oracle], imaps=jakarta.mail.Provider[STORE,imaps,com.sun.mail.imap.IMAPSSLStore,Oracle], smtps=jakarta.mail.Provider[TRANSPORT,smtps,com.sun.mail.smtp.SMTPSSLTransport,Oracle], pop3s=jakarta.mail.Provider[STORE,pop3s,com.sun.mail.pop3.POP3SSLStore,Oracle]}
2025-11-09 21:15:14 - jakarta.mail - successfully loaded resource: /META-INF/javamail.default.address.map
2025-11-09 21:15:14 - jakarta.mail - URL jar:file:/C:/Users/EMMANUEL%20ALEX/.m2/repository/org/eclipse/angus/jakarta.mail/1.1.0/jakarta.mail-1.1.0.jar!/META-INF/javamail.address.map
2025-11-09 21:15:14 - jakarta.mail - successfully loaded resource: jar:file:/C:/Users/EMMANUEL%20ALEX/.m2/repository/org/eclipse/angus/jakarta.mail/1.1.0/jakarta.mail-1.1.0.jar!/META-INF/javamail.address.map
2025-11-09 21:15:14 - jakarta.mail - getProvider() returning jakarta.mail.Provider[TRANSPORT,smtp,com.sun.mail.smtp.SMTPTransport,Oracle]
2025-11-09 21:15:14 - com.sun.mail.smtp - useEhlo true, useAuth true
2025-11-09 21:15:14 - com.sun.mail.smtp - trying to connect to host "smtp-mail.outlook.com", port 587, isSSL false
2025-11-09 21:15:16 - com.sun.mail.smtp - connected to host "smtp-mail.outlook.com", port: 587
2025-11-09 21:15:16 - com.sun.mail.smtp - Found extension "SIZE", arg "157286400"
2025-11-09 21:15:16 - com.sun.mail.smtp - Found extension "PIPELINING", arg ""
2025-11-09 21:15:16 - com.sun.mail.smtp - Found extension "DSN", arg ""
2025-11-09 21:15:16 - com.sun.mail.smtp - Found extension "ENHANCEDSTATUSCODES", arg ""
2025-11-09 21:15:16 - com.sun.mail.smtp - Found extension "STARTTLS", arg ""
2025-11-09 21:15:16 - com.sun.mail.smtp - Found extension "8BITMIME", arg ""
2025-11-09 21:15:16 - com.sun.mail.smtp - Found extension "SMTPUTF8", arg ""
2025-11-09 21:15:18 - com.sun.mail.smtp - Found extension "SIZE", arg "157286400"
2025-11-09 21:15:18 - com.sun.mail.smtp - Found extension "PIPELINING", arg ""
2025-11-09 21:15:18 - com.sun.mail.smtp - Found extension "DSN", arg ""
2025-11-09 21:15:18 - com.sun.mail.smtp - Found extension "ENHANCEDSTATUSCODES", arg ""
2025-11-09 21:15:18 - com.sun.mail.smtp - Found extension "AUTH", arg "LOGIN XOAUTH2"
2025-11-09 21:15:18 - com.sun.mail.smtp - Found extension "8BITMIME", arg ""
2025-11-09 21:15:18 - com.sun.mail.smtp - Found extension "SMTPUTF8", arg ""
2025-11-09 21:15:18 - com.sun.mail.smtp - protocolConnect login, host=smtp-mail.outlook.com, user=your-email@outlook.com  # CHANGE THIS, password=<non-null>
2025-11-09 21:15:18 - com.sun.mail.smtp - Attempt to authenticate using mechanisms: LOGIN PLAIN DIGEST-MD5 NTLM XOAUTH2 
2025-11-09 21:15:18 - com.sun.mail.smtp - Using mechanism LOGIN
2025-11-09 21:15:18 - com.sun.mail.smtp - AUTH LOGIN command trace suppressed
2025-11-09 21:15:23 - com.sun.mail.smtp - AUTH LOGIN failed
2025-11-09 21:15:40 - jakarta.mail - getProvider() returning jakarta.mail.Provider[TRANSPORT,smtp,com.sun.mail.smtp.SMTPTransport,Oracle]
2025-11-09 21:15:40 - com.sun.mail.smtp - useEhlo true, useAuth true
2025-11-09 21:15:40 - com.sun.mail.smtp - trying to connect to host "smtp-mail.outlook.com", port 587, isSSL false
2025-11-09 21:15:40 - com.sun.mail.smtp - connected to host "smtp-mail.outlook.com", port: 587
2025-11-09 21:15:40 - com.sun.mail.smtp - Found extension "SIZE", arg "157286400"
2025-11-09 21:15:40 - com.sun.mail.smtp - Found extension "PIPELINING", arg ""
2025-11-09 21:15:40 - com.sun.mail.smtp - Found extension "DSN", arg ""
2025-11-09 21:15:40 - com.sun.mail.smtp - Found extension "ENHANCEDSTATUSCODES", arg ""
2025-11-09 21:15:40 - com.sun.mail.smtp - Found extension "STARTTLS", arg ""
2025-11-09 21:15:40 - com.sun.mail.smtp - Found extension "8BITMIME", arg ""
2025-11-09 21:15:40 - com.sun.mail.smtp - Found extension "SMTPUTF8", arg ""
2025-11-09 21:15:41 - com.sun.mail.smtp - Found extension "SIZE", arg "157286400"
2025-11-09 21:15:41 - com.sun.mail.smtp - Found extension "PIPELINING", arg ""
2025-11-09 21:15:41 - com.sun.mail.smtp - Found extension "DSN", arg ""
2025-11-09 21:15:41 - com.sun.mail.smtp - Found extension "ENHANCEDSTATUSCODES", arg ""
2025-11-09 21:15:41 - com.sun.mail.smtp - Found extension "AUTH", arg "LOGIN XOAUTH2"
2025-11-09 21:15:41 - com.sun.mail.smtp - Found extension "8BITMIME", arg ""
2025-11-09 21:15:41 - com.sun.mail.smtp - Found extension "SMTPUTF8", arg ""
2025-11-09 21:15:41 - com.sun.mail.smtp - protocolConnect login, host=smtp-mail.outlook.com, user=your-email@outlook.com  # CHANGE THIS, password=<non-null>
2025-11-09 21:15:41 - com.sun.mail.smtp - Attempt to authenticate using mechanisms: LOGIN PLAIN DIGEST-MD5 NTLM XOAUTH2 
2025-11-09 21:15:41 - com.sun.mail.smtp - Using mechanism LOGIN
2025-11-09 21:15:41 - com.sun.mail.smtp - AUTH LOGIN command trace suppressed
2025-11-09 21:15:47 - com.sun.mail.smtp - AUTH LOGIN failed
